Arguments: 
  /Users/leonardovieira/.nvm/versions/node/v16.18.1/bin/node /usr/local/Cellar/yarn/1.22.17_1/libexec/bin/yarn.js add @types/node typescript

PATH: 
  /Users/leonardovieira/Documents/repos/local-setup/.downloads/google-cloud-sdk/bin:/Users/leonardovieira/.bin:/Users/leonardovieira/pyenv/shims:/Users/leonardovieira/pyenv/bin:/Users/leonardovieira/.nvm/versions/node/v16.18.1/bin:/usr/local/bin:/System/Cryptexes/App/usr/bin:/usr/bin:/bin:/usr/sbin:/sbin:/usr/local/go/bin:/Library/Apple/usr/bin

Yarn version: 
  1.22.17

Node version: 
  16.18.1

Platform: 
  darwin x64

Trace: 
  Error: https://nexus.quintoandar.com.br/repository/npm-registry/@types%2fnode: Request "https://nexus.quintoandar.com.br/repository/npm-registry/@types%2fnode" returned a 403
      at Request.params.callback [as _callback] (/usr/local/Cellar/yarn/1.22.17_1/libexec/lib/cli.js:67038:18)
      at Request.self.callback (/usr/local/Cellar/yarn/1.22.17_1/libexec/lib/cli.js:140883:22)
      at Request.emit (node:events:513:28)
      at Request.<anonymous> (/usr/local/Cellar/yarn/1.22.17_1/libexec/lib/cli.js:141855:10)
      at Request.emit (node:events:513:28)
      at IncomingMessage.<anonymous> (/usr/local/Cellar/yarn/1.22.17_1/libexec/lib/cli.js:141777:12)
      at Object.onceWrapper (node:events:627:28)
      at IncomingMessage.emit (node:events:525:35)
      at endReadableNT (node:internal/streams/readable:1358:12)
      at processTicksAndRejections (node:internal/process/task_queues:83:21)

npm manifest: 
  {
    "name": "node-express-boilerplate",
    "version": "1.0.0",
    "main": "index.js",
    "repository": "git@github.com:leonarhv/node-express-boilerplate.git",
    "author": "Leonardo Henrique Vieira <leonardo.vieira@quintoandar.com.br>",
    "license": "MIT"
  }

yarn manifest: 
  No manifest

Lockfile: 
  No lockfile
